<?xml version="1.0" encoding="utf-8"?><testsuites><testsuite name="pytest" errors="0" failures="0" skipped="0" tests="21" time="2.428" timestamp="2024-12-23T12:06:39.036137+05:30" hostname="LAP-55341"><testcase classname="app.tests.handlers_tests.test_admin_handler.TestAdminHandler" name="test_create_ngo_success" time="0.506" /><testcase classname="app.tests.handlers_tests.test_admin_handler.TestAdminHandler" name="test_create_ngo_missing_request_body" time="0.004" /><testcase classname="app.tests.handlers_tests.test_admin_handler.TestAdminHandler" name="test_create_ngo_missing_fields" time="0.005" /><testcase classname="app.tests.handlers_tests.test_admin_handler.TestAdminHandler" name="test_create_ngo_invalid_email" time="0.004" /><testcase classname="app.tests.handlers_tests.test_admin_handler.TestAdminHandler" name="test_create_ngo_invalid_phone" time="0.052" /><testcase classname="app.tests.handlers_tests.test_admin_handler.TestAdminHandler" name="test_create_ngo_database_error" time="0.074" /><testcase classname="app.tests.handlers_tests.test_admin_handler.TestAdminHandler" name="test_create_ngo_already_exist" time="0.082" /><testcase classname="app.tests.handlers_tests.test_admin_handler.TestAdminHandler" name="test_create_ngo_bad_request" time="0.005" /><testcase classname="app.tests.handlers_tests.test_admin_handler.TestAdminHandler" name="test_create_ngo_unsupported_media" time="0.003" /><testcase classname="app.tests.handlers_tests.test_admin_handler.TestAdminHandler" name="test_update_ngo_success" time="0.063" /><testcase classname="app.tests.handlers_tests.test_admin_handler.TestAdminHandler" name="test_update_ngo_missing_request_body" time="0.005" /><testcase classname="app.tests.handlers_tests.test_admin_handler.TestAdminHandler" name="test_update_ngo_missing_fields" time="0.004" /><testcase classname="app.tests.handlers_tests.test_admin_handler.TestAdminHandler" name="test_update_ngo_invalid_email" time="0.004" /><testcase classname="app.tests.handlers_tests.test_admin_handler.TestAdminHandler" name="test_update_ngo_invalid_phone" time="0.075" /><testcase classname="app.tests.handlers_tests.test_admin_handler.TestAdminHandler" name="test_update_ngo_database_error" time="0.176" /><testcase classname="app.tests.handlers_tests.test_admin_handler.TestAdminHandler" name="test_update_ngo_unsupported_media" time="0.003" /><testcase classname="app.tests.handlers_tests.test_admin_handler.TestAdminHandler" name="test_update_ngo_not_exists" time="0.164" /><testcase classname="app.tests.handlers_tests.test_admin_handler.TestAdminHandler" name="test_update_ngo_bad_request" time="0.004" /><testcase classname="app.tests.handlers_tests.test_admin_handler.TestAdminHandler" name="test_delete_ngo_success" time="0.003" /><testcase classname="app.tests.handlers_tests.test_admin_handler.TestAdminHandler" name="test_delete_ngo_not_exists" time="0.003" /><testcase classname="app.tests.handlers_tests.test_admin_handler.TestAdminHandler" name="test_delete_ngo_database_error" time="0.003" /></testsuite></testsuites>