<?xml version="1.0" encoding="utf-8"?><testsuites><testsuite name="pytest" errors="0" failures="0" skipped="0" tests="5" time="1.400" timestamp="2024-12-27T14:44:14.126326+05:30" hostname="LAP-55341"><testcase classname="tests.models_tests.test_new_ngo.TestNewNGO" name="test_invalid_email" time="0.005" /><testcase classname="tests.models_tests.test_new_ngo.TestNewNGO" name="test_invalid_name" time="0.001" /><testcase classname="tests.models_tests.test_new_ngo.TestNewNGO" name="test_invalid_phone_no" time="0.001" /><testcase classname="tests.models_tests.test_new_ngo.TestNewNGO" name="test_valid_data" time="0.001" /><testcase classname="tests.models_tests.test_new_ngo.TestNewNGO" name="test_valid_data_no_exceptions" time="0.002" /></testsuite></testsuites>