<?xml version="1.0" encoding="utf-8"?><testsuites><testsuite name="pytest" errors="0" failures="0" skipped="0" tests="5" time="4.716" timestamp="2024-12-27T14:44:30.637593+05:30" hostname="LAP-55341"><testcase classname="tests.utils_tests.test_validators.test_validators.TestValidator" name="test_is_valid_email" time="4.453" /><testcase classname="tests.utils_tests.test_validators.test_validators.TestValidator" name="test_is_valid_name" time="0.001" /><testcase classname="tests.utils_tests.test_validators.test_validators.TestValidator" name="test_is_valid_password" time="0.001" /><testcase classname="tests.utils_tests.test_validators.test_validators.TestValidator" name="test_validate_phone_no" time="0.001" /><testcase classname="tests.utils_tests.test_validators.test_validators.TestValidator" name="test_validate_required_fields" time="0.001" /></testsuite></testsuites>