<?xml version="1.0" encoding="utf-8"?><testsuites><testsuite name="pytest" errors="0" failures="2" skipped="0" tests="129" time="147.229" timestamp="2024-12-27T15:28:39.490259+05:30" hostname="LAP-55341"><testcase classname="tests.handlers_tests.test_admin_handler.TestAdminHandler" name="test_create_ngo_success" time="13.609" /><testcase classname="tests.handlers_tests.test_admin_handler.TestAdminHandler" name="test_create_ngo_exists_error" time="13.294" /><testcase classname="tests.handlers_tests.test_admin_handler.TestAdminHandler" name="test_create_ngo_database_error" time="15.079" /><testcase classname="tests.handlers_tests.test_admin_handler.TestAdminHandler" name="test_update_ngo_success" time="14.564" /><testcase classname="tests.handlers_tests.test_admin_handler.TestAdminHandler" name="test_update_ngo_database_error" time="12.576" /><testcase classname="tests.handlers_tests.test_admin_handler.TestAdminHandler" name="test_update_ngo_not_exists" time="12.413" /><testcase classname="tests.handlers_tests.test_admin_handler.TestAdminHandler" name="test_delete_ngo_success" time="0.006" /><testcase classname="tests.handlers_tests.test_admin_handler.TestAdminHandler" name="test_delete_ngo_not_exists" time="0.004" /><testcase classname="tests.handlers_tests.test_admin_handler.TestAdminHandler" name="test_delete_ngo_database_error" time="0.003" /><testcase classname="tests.handlers_tests.test_donor_handler.TestDonorHandler" name="test_create_donor_success" time="13.046" /><testcase classname="tests.handlers_tests.test_donor_handler.TestDonorHandler" name="test_create_donor_user_exists" time="12.468" /><testcase classname="tests.handlers_tests.test_donor_handler.TestDonorHandler" name="test_create_donor_database_error" time="12.510" /><testcase classname="tests.handlers_tests.test_user_handler.TestUserHandler" name="test_get_profile_success" time="0.009" /><testcase classname="tests.handlers_tests.test_user_handler.TestUserHandler" name="test_get_profile_database_error" time="0.006" /><testcase classname="tests.handlers_tests.test_user_handler.TestUserHandler" name="test_login_success" time="4.261" /><testcase classname="tests.handlers_tests.test_user_handler.TestUserHandler" name="test_login_database_error" time="4.085" /><testcase classname="tests.handlers_tests.test_user_handler.TestUserHandler" name="test_login_invalid_credentials_error" time="4.070" /><testcase classname="tests.handlers_tests.test_user_handler.TestUserHandler" name="test_get_ngos_success" time="0.010" /><testcase classname="tests.handlers_tests.test_user_handler.TestUserHandler" name="test_get_ngos_database_error" time="0.006" /><testcase classname="tests.handlers_tests.test_user_handler.TestUserHandler" name="test_get_ngo_success" time="0.010" /><testcase classname="tests.handlers_tests.test_user_handler.TestUserHandler" name="test_get_ngo_database_error" time="0.005" /><testcase classname="tests.handlers_tests.test_user_handler.TestUserHandler" name="test_get_ngo_not_exist_error" time="0.007" /><testcase classname="tests.middlewares_tests.test_auth_middleware.TestAuthMiddleware" name="test_valid_token" time="0.071" /><testcase classname="tests.middlewares_tests.test_auth_middleware.TestAuthMiddleware" name="test_excluded_path" time="0.038" /><testcase classname="tests.middlewares_tests.test_auth_middleware.TestAuthMiddleware" name="test_missing_token" time="0.011" /><testcase classname="tests.middlewares_tests.test_auth_middleware.TestAuthMiddleware" name="test_invalid_token_format" time="0.014" /><testcase classname="tests.middlewares_tests.test_auth_middleware.TestAuthMiddleware" name="test_expired_token" time="0.011" /><testcase classname="tests.middlewares_tests.test_auth_middleware.TestAuthMiddleware" name="test_invalid_token" time="0.012" /><testcase classname="tests.middlewares_tests.test_auth_middleware.TestAuthMiddleware" name="test_invalid_token_payload" time="0.012" /><testcase classname="tests.middlewares_tests.test_auth_middleware.TestAuthMiddleware" name="test_unexpected_error" time="0.017" /><testcase classname="tests.middlewares_tests.test_auth_middleware.TestAuthMiddleware" name="test_context_setting" time="0.017" /><testcase classname="tests.middlewares_tests.test_logger_middleware.TestLogMiddleware" name="test_exception_logging" time="0.057" /><testcase classname="tests.middlewares_tests.test_logger_middleware.TestLogMiddleware" name="test_request_logging" time="0.035"><failure message="AssertionError: info(&lt;ANY&gt;) call not found">self = &lt;test_logger_middleware.TestLogMiddleware testMethod=test_request_logging&gt;

    def test_request_logging(self):
        response = self.client.get("/test")
    
        # Check that request was logged
&gt;       self.logger.info.assert_any_call(ANY)

response   = &lt;Response [500 Internal Server Error]&gt;
self       = &lt;test_logger_middleware.TestLogMiddleware testMethod=test_request_logging&gt;

tests\middlewares_tests\test_logger_middleware.py:29: 
_ _ _ _ _ _ _ _ _ _ _ _ _ _ _ _ _ _ _ _ _ _ _ _ _ _ _ _ _ _ _ _ _ _ _ _ _ _ _ _ _ _ _ _ _ _ _ _ _ _ _ _ _ _ _ _ _ _ _ _ _ _ _ _ _ _ _ _ _ _ _ _ _ _ _ _ _ _ _ _ _ _ _ _ _ _ _ _ _ _

self = &lt;MagicMock name='mock.info' id='2528449932864'&gt;, args = (&lt;ANY&gt;,), kwargs = {}, expected = call(&lt;ANY&gt;), cause = None, actual = [], expected_string = 'info(&lt;ANY&gt;)'

    def assert_any_call(self, /, *args, **kwargs):
        """assert the mock has been called with the specified arguments.
    
        The assert passes if the mock has *ever* been called, unlike
        `assert_called_with` and `assert_called_once_with` that only pass if
        the call is the most recent one."""
        expected = self._call_matcher(_Call((args, kwargs), two=True))
        cause = expected if isinstance(expected, Exception) else None
        actual = [self._call_matcher(c) for c in self.call_args_list]
        if cause or expected not in _AnyComparer(actual):
            expected_string = self._format_mock_call_signature(args, kwargs)
&gt;           raise AssertionError(
                '%s call not found' % expected_string
            ) from cause
E           AssertionError: info(&lt;ANY&gt;) call not found

actual     = []
args       = (&lt;ANY&gt;,)
cause      = None
expected   = call(&lt;ANY&gt;)
expected_string = 'info(&lt;ANY&gt;)'
kwargs     = {}
self       = &lt;MagicMock name='mock.info' id='2528449932864'&gt;

..\..\..\AppData\Local\Programs\Python\Python313\Lib\unittest\mock.py:1048: AssertionError</failure></testcase><testcase classname="tests.middlewares_tests.test_logger_middleware.TestLogMiddleware" name="test_response_logging" time="0.031"><failure message="AssertionError: info(&lt;ANY&gt;) call not found">self = &lt;test_logger_middleware.TestLogMiddleware testMethod=test_response_logging&gt;

    def test_response_logging(self):
        response = self.client.get("/test")
    
        # Check that response was logged
&gt;       self.logger.info.assert_any_call(ANY)

response   = &lt;Response [500 Internal Server Error]&gt;
self       = &lt;test_logger_middleware.TestLogMiddleware testMethod=test_response_logging&gt;

tests\middlewares_tests\test_logger_middleware.py:35: 
_ _ _ _ _ _ _ _ _ _ _ _ _ _ _ _ _ _ _ _ _ _ _ _ _ _ _ _ _ _ _ _ _ _ _ _ _ _ _ _ _ _ _ _ _ _ _ _ _ _ _ _ _ _ _ _ _ _ _ _ _ _ _ _ _ _ _ _ _ _ _ _ _ _ _ _ _ _ _ _ _ _ _ _ _ _ _ _ _ _

self = &lt;MagicMock name='mock.info' id='2528450762736'&gt;, args = (&lt;ANY&gt;,), kwargs = {}, expected = call(&lt;ANY&gt;), cause = None, actual = [], expected_string = 'info(&lt;ANY&gt;)'

    def assert_any_call(self, /, *args, **kwargs):
        """assert the mock has been called with the specified arguments.
    
        The assert passes if the mock has *ever* been called, unlike
        `assert_called_with` and `assert_called_once_with` that only pass if
        the call is the most recent one."""
        expected = self._call_matcher(_Call((args, kwargs), two=True))
        cause = expected if isinstance(expected, Exception) else None
        actual = [self._call_matcher(c) for c in self.call_args_list]
        if cause or expected not in _AnyComparer(actual):
            expected_string = self._format_mock_call_signature(args, kwargs)
&gt;           raise AssertionError(
                '%s call not found' % expected_string
            ) from cause
E           AssertionError: info(&lt;ANY&gt;) call not found

actual     = []
args       = (&lt;ANY&gt;,)
cause      = None
expected   = call(&lt;ANY&gt;)
expected_string = 'info(&lt;ANY&gt;)'
kwargs     = {}
self       = &lt;MagicMock name='mock.info' id='2528450762736'&gt;

..\..\..\AppData\Local\Programs\Python\Python313\Lib\unittest\mock.py:1048: AssertionError</failure></testcase><testcase classname="tests.models_tests.test_login.TestUserLogin" name="test_invalid_email" time="0.005" /><testcase classname="tests.models_tests.test_login.TestUserLogin" name="test_invalid_password" time="0.004" /><testcase classname="tests.models_tests.test_login.TestUserLogin" name="test_valid_data_no_exceptions" time="0.003" /><testcase classname="tests.models_tests.test_login.TestUserLogin" name="test_valid_email_and_password" time="0.006" /><testcase classname="tests.models_tests.test_new_ngo.TestNewNGO" name="test_invalid_email" time="0.007" /><testcase classname="tests.models_tests.test_new_ngo.TestNewNGO" name="test_invalid_name" time="0.005" /><testcase classname="tests.models_tests.test_new_ngo.TestNewNGO" name="test_invalid_phone_no" time="0.004" /><testcase classname="tests.models_tests.test_new_ngo.TestNewNGO" name="test_valid_data" time="0.004" /><testcase classname="tests.models_tests.test_new_ngo.TestNewNGO" name="test_valid_data_no_exceptions" time="0.003" /><testcase classname="tests.models_tests.test_ngo.TestNGO" name="test_from_dict" time="0.002" /><testcase classname="tests.models_tests.test_ngo.TestNGO" name="test_from_dict_missing_key" time="0.002" /><testcase classname="tests.models_tests.test_ngo.TestNGO" name="test_to_dict" time="0.002" /><testcase classname="tests.models_tests.test_response.TestCustomResponse" name="test_to_dict_with_data" time="0.002" /><testcase classname="tests.models_tests.test_response.TestCustomResponse" name="test_to_dict_without_data" time="0.001" /><testcase classname="tests.models_tests.test_response.TestCustomResponse" name="test_to_response_with_data" time="0.001" /><testcase classname="tests.models_tests.test_response.TestCustomResponse" name="test_to_response_without_data" time="0.002" /><testcase classname="tests.models_tests.test_signup.TestUserSignup" name="test_invalid_email" time="0.005" /><testcase classname="tests.models_tests.test_signup.TestUserSignup" name="test_invalid_name" time="0.004" /><testcase classname="tests.models_tests.test_signup.TestUserSignup" name="test_invalid_password" time="0.012" /><testcase classname="tests.models_tests.test_signup.TestUserSignup" name="test_invalid_phone_no" time="0.004" /><testcase classname="tests.models_tests.test_signup.TestUserSignup" name="test_valid_data" time="0.004" /><testcase classname="tests.models_tests.test_user.TestUser" name="test_default_role" time="0.002" /><testcase classname="tests.models_tests.test_user.TestUser" name="test_from_dict" time="0.002" /><testcase classname="tests.models_tests.test_user.TestUser" name="test_from_dict_missing_key" time="0.002" /><testcase classname="tests.models_tests.test_user.TestUser" name="test_to_dict" time="0.002" /><testcase classname="tests.models_tests.test_user_dto.TestUserDTO" name="test_default_role" time="0.002" /><testcase classname="tests.models_tests.test_user_dto.TestUserDTO" name="test_from_dict" time="0.002" /><testcase classname="tests.models_tests.test_user_dto.TestUserDTO" name="test_from_dict_missing_key" time="0.002" /><testcase classname="tests.models_tests.test_user_dto.TestUserDTO" name="test_to_dict" time="0.002" /><testcase classname="tests.repositories_tests.test_ngo_repository.TestNGORepository" name="test_create_ngo_database_error" time="0.006" /><testcase classname="tests.repositories_tests.test_ngo_repository.TestNGORepository" name="test_create_ngo_success" time="0.006" /><testcase classname="tests.repositories_tests.test_ngo_repository.TestNGORepository" name="test_delete_ngo_by_id_database_error" time="0.007" /><testcase classname="tests.repositories_tests.test_ngo_repository.TestNGORepository" name="test_delete_ngo_by_id_not_exists" time="0.007" /><testcase classname="tests.repositories_tests.test_ngo_repository.TestNGORepository" name="test_delete_ngo_by_id_success" time="0.005" /><testcase classname="tests.repositories_tests.test_ngo_repository.TestNGORepository" name="test_get_all_ngos_database_error" time="0.006" /><testcase classname="tests.repositories_tests.test_ngo_repository.TestNGORepository" name="test_get_all_ngos_empty" time="0.006" /><testcase classname="tests.repositories_tests.test_ngo_repository.TestNGORepository" name="test_get_all_ngos_success" time="0.007" /><testcase classname="tests.repositories_tests.test_ngo_repository.TestNGORepository" name="test_get_ngo_by_email_database_error" time="0.006" /><testcase classname="tests.repositories_tests.test_ngo_repository.TestNGORepository" name="test_get_ngo_by_email_not_exists" time="0.007" /><testcase classname="tests.repositories_tests.test_ngo_repository.TestNGORepository" name="test_get_ngo_by_email_success" time="0.010" /><testcase classname="tests.repositories_tests.test_ngo_repository.TestNGORepository" name="test_get_ngo_by_id_database_error" time="0.007" /><testcase classname="tests.repositories_tests.test_ngo_repository.TestNGORepository" name="test_get_ngo_by_id_not_exists" time="0.008" /><testcase classname="tests.repositories_tests.test_ngo_repository.TestNGORepository" name="test_get_ngo_by_id_success" time="0.009" /><testcase classname="tests.repositories_tests.test_ngo_repository.TestNGORepository" name="test_update_ngo_by_id_database_error" time="0.006" /><testcase classname="tests.repositories_tests.test_ngo_repository.TestNGORepository" name="test_update_ngo_by_id_not_exists" time="0.007" /><testcase classname="tests.repositories_tests.test_ngo_repository.TestNGORepository" name="test_update_ngo_by_id_success" time="0.007" /><testcase classname="tests.repositories_tests.test_user_repository" name="test_create_user_success" time="0.010" /><testcase classname="tests.repositories_tests.test_user_repository" name="test_create_user_failure" time="0.009" /><testcase classname="tests.repositories_tests.test_user_repository" name="test_get_user_by_id_success" time="0.008" /><testcase classname="tests.repositories_tests.test_user_repository" name="test_get_user_by_id_not_found" time="0.009" /><testcase classname="tests.repositories_tests.test_user_repository" name="test_get_user_by_email_success" time="0.010" /><testcase classname="tests.repositories_tests.test_user_repository" name="test_get_user_by_email_not_found" time="0.018" /><testcase classname="tests.services_tests.test_admin_service.TestAdminService" name="test_add_ngo_when_ngo_does_not_exist" time="0.007" /><testcase classname="tests.services_tests.test_admin_service.TestAdminService" name="test_add_ngo_when_ngo_exists" time="0.004" /><testcase classname="tests.services_tests.test_admin_service.TestAdminService" name="test_delete_ngo" time="0.003" /><testcase classname="tests.services_tests.test_admin_service.TestAdminService" name="test_update_ngo_when_ngo_does_not_exist" time="0.004" /><testcase classname="tests.services_tests.test_admin_service.TestAdminService" name="test_update_ngo_when_ngo_exists" time="0.003" /><testcase classname="tests.services_tests.test_donor_service.TestDonorService" name="test_signup_password_hashing" time="1.088" /><testcase classname="tests.services_tests.test_donor_service.TestDonorService" name="test_signup_when_user_does_not_exist" time="1.170" /><testcase classname="tests.services_tests.test_donor_service.TestDonorService" name="test_signup_when_user_exists" time="0.003" /><testcase classname="tests.services_tests.test_user_service.TestUserService" name="test_get_all_ngos" time="0.004" /><testcase classname="tests.services_tests.test_user_service.TestUserService" name="test_get_ngo_by_id" time="0.003" /><testcase classname="tests.services_tests.test_user_service.TestUserService" name="test_get_profile" time="0.003" /><testcase classname="tests.services_tests.test_user_service.TestUserService" name="test_login_invalid_email" time="0.003" /><testcase classname="tests.services_tests.test_user_service.TestUserService" name="test_login_invalid_password" time="0.006" /><testcase classname="tests.services_tests.test_user_service.TestUserService" name="test_login_successful" time="0.009" /><testcase classname="tests.utils_tests.logger.test_logger.TestLogger" name="test_debug_logging" time="0.006" /><testcase classname="tests.utils_tests.logger.test_logger.TestLogger" name="test_error_logging" time="0.004" /><testcase classname="tests.utils_tests.logger.test_logger.TestLogger" name="test_info_logging" time="0.007" /><testcase classname="tests.utils_tests.logger.test_logger.TestLogger" name="test_singleton_behavior" time="0.003" /><testcase classname="tests.utils_tests.logger.test_logger.TestLogger" name="test_warning_logging" time="0.004" /><testcase classname="tests.utils_tests.queries.test_query_executor.TestSQLiteQueryExecutor" name="test_execute_query" time="0.015" /><testcase classname="tests.utils_tests.queries.test_query_executor.TestSQLiteQueryExecutor" name="test_execute_query_with_invalid_query" time="0.012" /><testcase classname="tests.utils_tests.queries.test_query_executor.TestSQLiteQueryExecutor" name="test_execute_query_with_multiple_params" time="0.015" /><testcase classname="tests.utils_tests.queries.test_query_executor.TestSQLiteQueryExecutor" name="test_execute_query_with_no_params" time="0.008" /><testcase classname="tests.utils_tests.queries.test_query_generator.TestSQLiteQueryBuilder" name="test_delete" time="0.002" /><testcase classname="tests.utils_tests.queries.test_query_generator.TestSQLiteQueryBuilder" name="test_insert" time="0.003" /><testcase classname="tests.utils_tests.queries.test_query_generator.TestSQLiteQueryBuilder" name="test_select" time="0.004" /><testcase classname="tests.utils_tests.queries.test_query_generator.TestSQLiteQueryBuilder" name="test_select_with_where" time="0.002" /><testcase classname="tests.utils_tests.queries.test_query_generator.TestSQLiteQueryBuilder" name="test_update" time="0.001" /><testcase classname="tests.utils_tests.test_custom_decorator.test_custom_decorator.TestAdminDecorator" name="test_admin_decorator_authorized" time="0.002" /><testcase classname="tests.utils_tests.test_custom_decorator.test_custom_decorator.TestAdminDecorator" name="test_admin_decorator_no_request" time="0.002" /><testcase classname="tests.utils_tests.test_custom_decorator.test_custom_decorator.TestAdminDecorator" name="test_admin_decorator_unauthorized" time="0.002" /><testcase classname="tests.utils_tests.test_validators.test_validators.TestValidator" name="test_is_valid_email" time="4.044" /><testcase classname="tests.utils_tests.test_validators.test_validators.TestValidator" name="test_is_valid_name" time="0.002" /><testcase classname="tests.utils_tests.test_validators.test_validators.TestValidator" name="test_is_valid_password" time="0.002" /><testcase classname="tests.utils_tests.test_validators.test_validators.TestValidator" name="test_validate_phone_no" time="0.002" /><testcase classname="tests.utils_tests.test_validators.test_validators.TestValidator" name="test_validate_required_fields" time="0.002" /><testcase classname="tests.utils_tests.utils.test_encryptor.TestPasswordHashing" name="test_check_password_correct" time="1.215" /><testcase classname="tests.utils_tests.utils.test_encryptor.TestPasswordHashing" name="test_check_password_incorrect" time="1.145" /><testcase classname="tests.utils_tests.utils.test_encryptor.TestPasswordHashing" name="test_hash_password" time="0.617" /><testcase classname="tests.utils_tests.utils.test_token.TestAuth" name="test_decode_token_expired" time="0.002" /><testcase classname="tests.utils_tests.utils.test_token.TestAuth" name="test_decode_token_invalid" time="0.002" /><testcase classname="tests.utils_tests.utils.test_token.TestAuth" name="test_decode_token_valid" time="0.003" /><testcase classname="tests.utils_tests.utils.test_token.TestAuth" name="test_generate_token" time="0.003" /></testsuite></testsuites>