<?xml version="1.0" encoding="utf-8"?><testsuites><testsuite name="pytest" errors="0" failures="0" skipped="0" tests="4" time="0.271" timestamp="2024-12-23T11:34:47.048270+05:30" hostname="LAP-55341"><testcase classname="app.tests.utils_tests.queries.test_query_executor.TestSQLiteQueryExecutor" name="test_execute_query" time="0.008" /><testcase classname="app.tests.utils_tests.queries.test_query_executor.TestSQLiteQueryExecutor" name="test_execute_query_with_invalid_query" time="0.004" /><testcase classname="app.tests.utils_tests.queries.test_query_executor.TestSQLiteQueryExecutor" name="test_execute_query_with_multiple_params" time="0.004" /><testcase classname="app.tests.utils_tests.queries.test_query_executor.TestSQLiteQueryExecutor" name="test_execute_query_with_no_params" time="0.005" /></testsuite></testsuites>