<?xml version="1.0" encoding="utf-8"?><testsuites><testsuite name="pytest" errors="0" failures="0" skipped="0" tests="141" time="7.831" timestamp="2024-12-23T12:06:50.188134+05:30" hostname="LAP-55341"><testcase classname="app.tests.handlers_tests.test_admin_handler.TestAdminHandler" name="test_create_ngo_success" time="0.192" /><testcase classname="app.tests.handlers_tests.test_admin_handler.TestAdminHandler" name="test_create_ngo_missing_request_body" time="0.004" /><testcase classname="app.tests.handlers_tests.test_admin_handler.TestAdminHandler" name="test_create_ngo_missing_fields" time="0.005" /><testcase classname="app.tests.handlers_tests.test_admin_handler.TestAdminHandler" name="test_create_ngo_invalid_email" time="0.004" /><testcase classname="app.tests.handlers_tests.test_admin_handler.TestAdminHandler" name="test_create_ngo_invalid_phone" time="0.064" /><testcase classname="app.tests.handlers_tests.test_admin_handler.TestAdminHandler" name="test_create_ngo_database_error" time="0.059" /><testcase classname="app.tests.handlers_tests.test_admin_handler.TestAdminHandler" name="test_create_ngo_already_exist" time="0.077" /><testcase classname="app.tests.handlers_tests.test_admin_handler.TestAdminHandler" name="test_create_ngo_bad_request" time="0.004" /><testcase classname="app.tests.handlers_tests.test_admin_handler.TestAdminHandler" name="test_create_ngo_unsupported_media" time="0.003" /><testcase classname="app.tests.handlers_tests.test_admin_handler.TestAdminHandler" name="test_update_ngo_success" time="0.054" /><testcase classname="app.tests.handlers_tests.test_admin_handler.TestAdminHandler" name="test_update_ngo_missing_request_body" time="0.004" /><testcase classname="app.tests.handlers_tests.test_admin_handler.TestAdminHandler" name="test_update_ngo_missing_fields" time="0.004" /><testcase classname="app.tests.handlers_tests.test_admin_handler.TestAdminHandler" name="test_update_ngo_invalid_email" time="0.004" /><testcase classname="app.tests.handlers_tests.test_admin_handler.TestAdminHandler" name="test_update_ngo_invalid_phone" time="0.052" /><testcase classname="app.tests.handlers_tests.test_admin_handler.TestAdminHandler" name="test_update_ngo_database_error" time="0.064" /><testcase classname="app.tests.handlers_tests.test_admin_handler.TestAdminHandler" name="test_update_ngo_unsupported_media" time="0.003" /><testcase classname="app.tests.handlers_tests.test_admin_handler.TestAdminHandler" name="test_update_ngo_not_exists" time="0.131" /><testcase classname="app.tests.handlers_tests.test_admin_handler.TestAdminHandler" name="test_update_ngo_bad_request" time="0.016" /><testcase classname="app.tests.handlers_tests.test_admin_handler.TestAdminHandler" name="test_delete_ngo_success" time="0.006" /><testcase classname="app.tests.handlers_tests.test_admin_handler.TestAdminHandler" name="test_delete_ngo_not_exists" time="0.004" /><testcase classname="app.tests.handlers_tests.test_admin_handler.TestAdminHandler" name="test_delete_ngo_database_error" time="0.003" /><testcase classname="app.tests.handlers_tests.test_donor_handler.TestDonorHandler" name="test_create_donor_bad_request" time="0.007" /><testcase classname="app.tests.handlers_tests.test_donor_handler.TestDonorHandler" name="test_create_donor_database_error" time="2.821" /><testcase classname="app.tests.handlers_tests.test_donor_handler.TestDonorHandler" name="test_create_donor_invalid_email" time="0.005" /><testcase classname="app.tests.handlers_tests.test_donor_handler.TestDonorHandler" name="test_create_donor_invalid_phone" time="0.020" /><testcase classname="app.tests.handlers_tests.test_donor_handler.TestDonorHandler" name="test_create_donor_missing_request_body" time="0.003" /><testcase classname="app.tests.handlers_tests.test_donor_handler.TestDonorHandler" name="test_create_donor_missing_required_fields" time="0.004" /><testcase classname="app.tests.handlers_tests.test_donor_handler.TestDonorHandler" name="test_create_donor_success" time="0.043" /><testcase classname="app.tests.handlers_tests.test_donor_handler.TestDonorHandler" name="test_create_donor_unsupported_media_type" time="0.003" /><testcase classname="app.tests.handlers_tests.test_donor_handler.TestDonorHandler" name="test_create_donor_user_exists" time="0.027" /><testcase classname="app.tests.handlers_tests.test_donor_handler.TestDonorHandler" name="test_create_donor_weak_password" time="0.028" /><testcase classname="app.tests.handlers_tests.test_user_handler.TestUserHandler" name="test_get_list_of_ngos_success" time="0.005" /><testcase classname="app.tests.handlers_tests.test_user_handler.TestUserHandler" name="test_get_one_ngo_not_found" time="0.004" /><testcase classname="app.tests.handlers_tests.test_user_handler.TestUserHandler" name="test_get_one_ngo_success" time="0.004" /><testcase classname="app.tests.handlers_tests.test_user_handler.TestUserHandler" name="test_get_profile_database_error" time="0.003" /><testcase classname="app.tests.handlers_tests.test_user_handler.TestUserHandler" name="test_get_profile_success" time="0.004" /><testcase classname="app.tests.handlers_tests.test_user_handler.TestUserHandler" name="test_login_invalid_credentials" time="0.004" /><testcase classname="app.tests.handlers_tests.test_user_handler.TestUserHandler" name="test_login_invalid_json_format" time="0.003" /><testcase classname="app.tests.handlers_tests.test_user_handler.TestUserHandler" name="test_login_missing_body" time="0.003" /><testcase classname="app.tests.handlers_tests.test_user_handler.TestUserHandler" name="test_login_missing_required_fields" time="0.004" /><testcase classname="app.tests.handlers_tests.test_user_handler.TestUserHandler" name="test_login_success" time="0.003" /><testcase classname="app.tests.middlewares_tests.test_auth_middleware.TestAuthMiddleware" name="test_auth_middleware_invalid_token_format" time="0.005" /><testcase classname="app.tests.middlewares_tests.test_auth_middleware.TestAuthMiddleware" name="test_auth_middleware_missing_token" time="0.004" /><testcase classname="app.tests.middlewares_tests.test_auth_middleware.TestAuthMiddleware" name="test_auth_middleware_token_expired" time="0.005" /><testcase classname="app.tests.middlewares_tests.test_auth_middleware.TestAuthMiddleware" name="test_auth_middleware_token_invalid" time="0.005" /><testcase classname="app.tests.middlewares_tests.test_auth_middleware.TestAuthMiddleware" name="test_auth_middleware_token_invalid_payload" time="0.005" /><testcase classname="app.tests.middlewares_tests.test_auth_middleware.TestAuthMiddleware" name="test_auth_middleware_valid_token" time="0.005" /><testcase classname="app.tests.middlewares_tests.test_logger_middleware.TestLoggingMiddleware" name="test_log_exceptions" time="0.006" /><testcase classname="app.tests.middlewares_tests.test_logger_middleware.TestLoggingMiddleware" name="test_log_exceptions_with_password_in_body" time="0.003" /><testcase classname="app.tests.middlewares_tests.test_logger_middleware.TestLoggingMiddleware" name="test_log_request_middleware" time="0.003" /><testcase classname="app.tests.middlewares_tests.test_logger_middleware.TestLoggingMiddleware" name="test_log_response_middleware" time="0.004" /><testcase classname="app.tests.middlewares_tests.test_logger_middleware.TestLoggingMiddleware" name="test_sanitize_body_non_dict" time="0.002" /><testcase classname="app.tests.middlewares_tests.test_logger_middleware.TestLoggingMiddleware" name="test_sanitize_body_with_password" time="0.002" /><testcase classname="app.tests.middlewares_tests.test_logger_middleware.TestLoggingMiddleware" name="test_sanitize_body_without_password" time="0.003" /><testcase classname="app.tests.models_tests.test_login.TestUserLogin" name="test_from_dict" time="0.001" /><testcase classname="app.tests.models_tests.test_login.TestUserLogin" name="test_from_dict_missing_key" time="0.001" /><testcase classname="app.tests.models_tests.test_login.TestUserLogin" name="test_to_dict" time="0.001" /><testcase classname="app.tests.models_tests.test_new_ngo.TestNewNGO" name="test_from_dict" time="0.001" /><testcase classname="app.tests.models_tests.test_new_ngo.TestNewNGO" name="test_from_dict_missing_key" time="0.002" /><testcase classname="app.tests.models_tests.test_new_ngo.TestNewNGO" name="test_to_dict" time="0.001" /><testcase classname="app.tests.models_tests.test_ngo.TestNGO" name="test_from_dict" time="0.001" /><testcase classname="app.tests.models_tests.test_ngo.TestNGO" name="test_from_dict_missing_key" time="0.001" /><testcase classname="app.tests.models_tests.test_ngo.TestNGO" name="test_to_dict" time="0.001" /><testcase classname="app.tests.models_tests.test_response.TestCustomResponse" name="test_from_dict" time="0.001" /><testcase classname="app.tests.models_tests.test_response.TestCustomResponse" name="test_from_dict_missing_key" time="0.001" /><testcase classname="app.tests.models_tests.test_response.TestCustomResponse" name="test_to_dict" time="0.001" /><testcase classname="app.tests.models_tests.test_signup.TestUserSignup" name="test_from_dict" time="0.001" /><testcase classname="app.tests.models_tests.test_signup.TestUserSignup" name="test_from_dict_missing_key" time="0.001" /><testcase classname="app.tests.models_tests.test_signup.TestUserSignup" name="test_to_dict" time="0.001" /><testcase classname="app.tests.models_tests.test_user.TestUser" name="test_default_role" time="0.001" /><testcase classname="app.tests.models_tests.test_user.TestUser" name="test_from_dict" time="0.001" /><testcase classname="app.tests.models_tests.test_user.TestUser" name="test_from_dict_missing_key" time="0.001" /><testcase classname="app.tests.models_tests.test_user.TestUser" name="test_to_dict" time="0.001" /><testcase classname="app.tests.models_tests.test_user_dto.TestUserDTO" name="test_default_role" time="0.001" /><testcase classname="app.tests.models_tests.test_user_dto.TestUserDTO" name="test_from_dict" time="0.001" /><testcase classname="app.tests.models_tests.test_user_dto.TestUserDTO" name="test_from_dict_missing_key" time="0.001" /><testcase classname="app.tests.models_tests.test_user_dto.TestUserDTO" name="test_to_dict" time="0.001" /><testcase classname="app.tests.repositories_tests.test_ngo_repository.TestNGORepository" name="test_create_ngo_database_error" time="0.003" /><testcase classname="app.tests.repositories_tests.test_ngo_repository.TestNGORepository" name="test_create_ngo_success" time="0.003" /><testcase classname="app.tests.repositories_tests.test_ngo_repository.TestNGORepository" name="test_delete_ngo_by_id_database_error" time="0.003" /><testcase classname="app.tests.repositories_tests.test_ngo_repository.TestNGORepository" name="test_delete_ngo_by_id_not_exists" time="0.004" /><testcase classname="app.tests.repositories_tests.test_ngo_repository.TestNGORepository" name="test_delete_ngo_by_id_success" time="0.003" /><testcase classname="app.tests.repositories_tests.test_ngo_repository.TestNGORepository" name="test_get_all_ngos_database_error" time="0.003" /><testcase classname="app.tests.repositories_tests.test_ngo_repository.TestNGORepository" name="test_get_all_ngos_empty" time="0.003" /><testcase classname="app.tests.repositories_tests.test_ngo_repository.TestNGORepository" name="test_get_all_ngos_success" time="0.003" /><testcase classname="app.tests.repositories_tests.test_ngo_repository.TestNGORepository" name="test_get_ngo_by_email_database_error" time="0.002" /><testcase classname="app.tests.repositories_tests.test_ngo_repository.TestNGORepository" name="test_get_ngo_by_email_not_exists" time="0.003" /><testcase classname="app.tests.repositories_tests.test_ngo_repository.TestNGORepository" name="test_get_ngo_by_email_success" time="0.003" /><testcase classname="app.tests.repositories_tests.test_ngo_repository.TestNGORepository" name="test_get_ngo_by_id_database_error" time="0.003" /><testcase classname="app.tests.repositories_tests.test_ngo_repository.TestNGORepository" name="test_get_ngo_by_id_not_exists" time="0.003" /><testcase classname="app.tests.repositories_tests.test_ngo_repository.TestNGORepository" name="test_get_ngo_by_id_success" time="0.003" /><testcase classname="app.tests.repositories_tests.test_ngo_repository.TestNGORepository" name="test_update_ngo_by_id_database_error" time="0.003" /><testcase classname="app.tests.repositories_tests.test_ngo_repository.TestNGORepository" name="test_update_ngo_by_id_not_exists" time="0.003" /><testcase classname="app.tests.repositories_tests.test_ngo_repository.TestNGORepository" name="test_update_ngo_by_id_success" time="0.003" /><testcase classname="app.tests.repositories_tests.test_user_repository" name="test_create_user_success" time="0.003" /><testcase classname="app.tests.repositories_tests.test_user_repository" name="test_create_user_failure" time="0.004" /><testcase classname="app.tests.repositories_tests.test_user_repository" name="test_get_user_by_id_success" time="0.004" /><testcase classname="app.tests.repositories_tests.test_user_repository" name="test_get_user_by_id_not_found" time="0.003" /><testcase classname="app.tests.repositories_tests.test_user_repository" name="test_get_user_by_email_success" time="0.004" /><testcase classname="app.tests.repositories_tests.test_user_repository" name="test_get_user_by_email_not_found" time="0.004" /><testcase classname="app.tests.services_tests.test_admin_service.TestAdminService" name="test_add_ngo_when_ngo_does_not_exist" time="0.002" /><testcase classname="app.tests.services_tests.test_admin_service.TestAdminService" name="test_add_ngo_when_ngo_exists" time="0.002" /><testcase classname="app.tests.services_tests.test_admin_service.TestAdminService" name="test_delete_ngo" time="0.002" /><testcase classname="app.tests.services_tests.test_admin_service.TestAdminService" name="test_update_ngo_when_ngo_does_not_exist" time="0.002" /><testcase classname="app.tests.services_tests.test_admin_service.TestAdminService" name="test_update_ngo_when_ngo_exists" time="0.002" /><testcase classname="app.tests.services_tests.test_donor_service.TestDonorService" name="test_signup_password_hashing" time="0.476" /><testcase classname="app.tests.services_tests.test_donor_service.TestDonorService" name="test_signup_when_user_does_not_exist" time="0.473" /><testcase classname="app.tests.services_tests.test_donor_service.TestDonorService" name="test_signup_when_user_exists" time="0.002" /><testcase classname="app.tests.services_tests.test_user_service.TestUserService" name="test_get_all_ngos" time="0.002" /><testcase classname="app.tests.services_tests.test_user_service.TestUserService" name="test_get_ngo_by_id" time="0.002" /><testcase classname="app.tests.services_tests.test_user_service.TestUserService" name="test_get_profile" time="0.002" /><testcase classname="app.tests.services_tests.test_user_service.TestUserService" name="test_login_invalid_email" time="0.002" /><testcase classname="app.tests.services_tests.test_user_service.TestUserService" name="test_login_invalid_password" time="0.002" /><testcase classname="app.tests.services_tests.test_user_service.TestUserService" name="test_login_successful" time="0.002" /><testcase classname="app.tests.utils_tests.logger.test_logger.TestLogger" name="test_debug_logging" time="0.003" /><testcase classname="app.tests.utils_tests.logger.test_logger.TestLogger" name="test_error_logging" time="0.002" /><testcase classname="app.tests.utils_tests.logger.test_logger.TestLogger" name="test_info_logging" time="0.002" /><testcase classname="app.tests.utils_tests.logger.test_logger.TestLogger" name="test_singleton_behavior" time="0.002" /><testcase classname="app.tests.utils_tests.logger.test_logger.TestLogger" name="test_warning_logging" time="0.002" /><testcase classname="app.tests.utils_tests.queries.test_query_executor.TestSQLiteQueryExecutor" name="test_execute_query" time="0.005" /><testcase classname="app.tests.utils_tests.queries.test_query_executor.TestSQLiteQueryExecutor" name="test_execute_query_with_invalid_query" time="0.004" /><testcase classname="app.tests.utils_tests.queries.test_query_executor.TestSQLiteQueryExecutor" name="test_execute_query_with_multiple_params" time="0.005" /><testcase classname="app.tests.utils_tests.queries.test_query_executor.TestSQLiteQueryExecutor" name="test_execute_query_with_no_params" time="0.005" /><testcase classname="app.tests.utils_tests.queries.test_query_generator.TestSQLiteQueryBuilder" name="test_delete" time="0.001" /><testcase classname="app.tests.utils_tests.queries.test_query_generator.TestSQLiteQueryBuilder" name="test_insert" time="0.001" /><testcase classname="app.tests.utils_tests.queries.test_query_generator.TestSQLiteQueryBuilder" name="test_select" time="0.003" /><testcase classname="app.tests.utils_tests.queries.test_query_generator.TestSQLiteQueryBuilder" name="test_select_with_where" time="0.001" /><testcase classname="app.tests.utils_tests.queries.test_query_generator.TestSQLiteQueryBuilder" name="test_update" time="0.001" /><testcase classname="app.tests.utils_tests.test_custom_decorator.test_custom_decorator.TestAdminDecorator" name="test_admin_access_denied" time="0.004" /><testcase classname="app.tests.utils_tests.test_custom_decorator.test_custom_decorator.TestAdminDecorator" name="test_admin_access_granted" time="0.004" /><testcase classname="app.tests.utils_tests.test_validators.test_validators.TestValidator" name="test_is_valid_email" time="0.024" /><testcase classname="app.tests.utils_tests.test_validators.test_validators.TestValidator" name="test_is_valid_password" time="0.002" /><testcase classname="app.tests.utils_tests.test_validators.test_validators.TestValidator" name="test_validate_phone_no" time="0.001" /><testcase classname="app.tests.utils_tests.test_validators.test_validators.TestValidator" name="test_validate_required_fields" time="0.001" /><testcase classname="app.tests.utils_tests.utils.test_encryptor.TestPasswordHashing" name="test_check_password_correct" time="0.470" /><testcase classname="app.tests.utils_tests.utils.test_encryptor.TestPasswordHashing" name="test_check_password_incorrect" time="0.464" /><testcase classname="app.tests.utils_tests.utils.test_encryptor.TestPasswordHashing" name="test_hash_password" time="0.236" /><testcase classname="app.tests.utils_tests.utils.test_token.TestAuth" name="test_decode_token_expired" time="0.001" /><testcase classname="app.tests.utils_tests.utils.test_token.TestAuth" name="test_decode_token_invalid" time="0.001" /><testcase classname="app.tests.utils_tests.utils.test_token.TestAuth" name="test_decode_token_valid" time="0.002" /><testcase classname="app.tests.utils_tests.utils.test_token.TestAuth" name="test_generate_token" time="0.002" /></testsuite></testsuites>